[2025-10-04 08:51:34,022] 97 werkzeug - WARNING -  * Debugger is active!
[2025-10-04 08:51:34,053] 97 werkzeug - INFO -  * Debugger PIN: 117-622-827
[2025-10-04 08:51:34,185] 97 werkzeug - INFO -  * Detected change in 'd:\\project\\fake-news-detector\\venv\\Lib\\site-packages\\scipy\\interpolate\\_fitpack2.py', reloading
[2025-10-04 08:51:34,185] 97 werkzeug - INFO -  * Detected change in 'D:\\Project\\Fake-News-Detector\\venv\\Lib\\site-packages\\scipy\\interpolate\\_fitpack2.py', reloading
[2025-10-04 08:51:34,217] 97 werkzeug - INFO -  * Detected change in 'D:\\Project\\Fake-News-Detector\\venv\\Lib\\site-packages\\scipy\\interpolate\\_rbfinterp.py', reloading
[2025-10-04 08:51:34,218] 97 werkzeug - INFO -  * Detected change in 'd:\\project\\fake-news-detector\\venv\\Lib\\site-packages\\scipy\\interpolate\\_rbfinterp.py', reloading
[2025-10-04 08:51:34,252] 97 werkzeug - INFO -  * Detected change in 'D:\\Project\\Fake-News-Detector\\venv\\Lib\\site-packages\\scipy\\interpolate\\_polyint.py', reloading
[2025-10-04 08:51:34,253] 97 werkzeug - INFO -  * Detected change in 'd:\\project\\fake-news-detector\\venv\\Lib\\site-packages\\scipy\\interpolate\\_polyint.py', reloading
[2025-10-04 08:51:34,284] 97 werkzeug - INFO -  * Detected change in 'd:\\project\\fake-news-detector\\venv\\Lib\\site-packages\\scipy\\interpolate\\_cubic.py', reloading
[2025-10-04 08:51:34,285] 97 werkzeug - INFO -  * Detected change in 'D:\\Project\\Fake-News-Detector\\venv\\Lib\\site-packages\\scipy\\interpolate\\_cubic.py', reloading
[2025-10-04 08:51:34,328] 97 werkzeug - INFO -  * Detected change in 'D:\\Project\\Fake-News-Detector\\venv\\Lib\\site-packages\\scipy\\interpolate\\_ndgriddata.py', reloading
[2025-10-04 08:51:34,329] 97 werkzeug - INFO -  * Detected change in 'd:\\project\\fake-news-detector\\venv\\Lib\\site-packages\\scipy\\interpolate\\_ndgriddata.py', reloading
[2025-10-04 08:51:34,369] 97 werkzeug - INFO -  * Detected change in 'D:\\Project\\Fake-News-Detector\\venv\\Lib\\site-packages\\scipy\\interpolate\\_bsplines.py', reloading
[2025-10-04 08:51:34,370] 97 werkzeug - INFO -  * Detected change in 'd:\\project\\fake-news-detector\\venv\\Lib\\site-packages\\scipy\\interpolate\\_bsplines.py', reloading
[2025-10-04 08:51:34,442] 97 werkzeug - INFO -  * Detected change in 'd:\\project\\fake-news-detector\\venv\\Lib\\site-packages\\scipy\\interpolate\\_pade.py', reloading
[2025-10-04 08:51:34,443] 97 werkzeug - INFO -  * Detected change in 'D:\\Project\\Fake-News-Detector\\venv\\Lib\\site-packages\\scipy\\interpolate\\_pade.py', reloading
[2025-10-04 08:51:34,510] 97 werkzeug - INFO -  * Detected change in 'D:\\Project\\Fake-News-Detector\\venv\\Lib\\site-packages\\scipy\\interpolate\\_rgi.py', reloading
[2025-10-04 08:51:34,511] 97 werkzeug - INFO -  * Detected change in 'd:\\project\\fake-news-detector\\venv\\Lib\\site-packages\\scipy\\interpolate\\_rgi.py', reloading
[2025-10-04 08:51:34,544] 97 werkzeug - INFO -  * Detected change in 'D:\\Project\\Fake-News-Detector\\venv\\Lib\\site-packages\\scipy\\interpolate\\_bary_rational.py', reloading
[2025-10-04 08:51:34,550] 97 werkzeug - INFO -  * Detected change in 'd:\\project\\fake-news-detector\\venv\\Lib\\site-packages\\scipy\\interpolate\\_bary_rational.py', reloading
[2025-10-04 08:51:34,588] 97 werkzeug - INFO -  * Detected change in 'D:\\Project\\Fake-News-Detector\\venv\\Lib\\site-packages\\scipy\\io\\__init__.py', reloading
[2025-10-04 08:51:34,589] 97 werkzeug - INFO -  * Detected change in 'd:\\project\\fake-news-detector\\venv\\Lib\\site-packages\\scipy\\io\\__init__.py', reloading
[2025-10-04 08:51:34,640] 97 werkzeug - INFO -  * Detected change in 'D:\\Project\\Fake-News-Detector\\venv\\Lib\\site-packages\\scipy\\linalg\\__init__.py', reloading
[2025-10-04 08:51:34,640] 97 werkzeug - INFO -  * Detected change in 'd:\\project\\fake-news-detector\\venv\\Lib\\site-packages\\scipy\\linalg\\__init__.py', reloading
[2025-10-04 08:51:34,671] 97 werkzeug - INFO -  * Detected change in 'D:\\Project\\Fake-News-Detector\\venv\\Lib\\site-packages\\scipy\\linalg\\_misc.py', reloading
[2025-10-04 08:51:34,672] 97 werkzeug - INFO -  * Detected change in 'd:\\project\\fake-news-detector\\venv\\Lib\\site-packages\\scipy\\linalg\\_misc.py', reloading
[2025-10-04 08:51:34,756] 97 werkzeug - INFO -  * Detected change in 'D:\\Project\\Fake-News-Detector\\venv\\Lib\\site-packages\\scipy\\linalg\\_basic.py', reloading
[2025-10-04 08:51:34,757] 97 werkzeug - INFO -  * Detected change in 'd:\\project\\fake-news-detector\\venv\\Lib\\site-packages\\scipy\\linalg\\_basic.py', reloading
[2025-10-04 08:51:34,804] 97 werkzeug - INFO -  * Detected change in 'D:\\Project\\Fake-News-Detector\\venv\\Lib\\site-packages\\scipy\\linalg\\_decomp.py', reloading
[2025-10-04 08:51:34,805] 97 werkzeug - INFO -  * Detected change in 'd:\\project\\fake-news-detector\\venv\\Lib\\site-packages\\scipy\\linalg\\_decomp.py', reloading
[2025-10-04 08:51:34,842] 97 werkzeug - INFO -  * Detected change in 'D:\\Project\\Fake-News-Detector\\venv\\Lib\\site-packages\\scipy\\linalg\\_decomp_lu.py', reloading
[2025-10-04 08:51:34,843] 97 werkzeug - INFO -  * Detected change in 'd:\\project\\fake-news-detector\\venv\\Lib\\site-packages\\scipy\\linalg\\_decomp_lu.py', reloading
[2025-10-04 08:51:34,876] 97 werkzeug - INFO -  * Detected change in 'D:\\Project\\Fake-News-Detector\\venv\\Lib\\site-packages\\scipy\\linalg\\_decomp_ldl.py', reloading
[2025-10-04 08:51:34,877] 97 werkzeug - INFO -  * Detected change in 'd:\\project\\fake-news-detector\\venv\\Lib\\site-packages\\scipy\\linalg\\_decomp_ldl.py', reloading
[2025-10-04 08:51:34,907] 97 werkzeug - INFO -  * Detected change in 'D:\\Project\\Fake-News-Detector\\venv\\Lib\\site-packages\\scipy\\linalg\\_decomp_cholesky.py', reloading
[2025-10-04 08:51:34,908] 97 werkzeug - INFO -  * Detected change in 'd:\\project\\fake-news-detector\\venv\\Lib\\site-packages\\scipy\\linalg\\_decomp_cholesky.py', reloading
[2025-10-04 08:51:34,942] 97 werkzeug - INFO -  * Detected change in 'D:\\Project\\Fake-News-Detector\\venv\\Lib\\site-packages\\scipy\\linalg\\_decomp_qr.py', reloading
[2025-10-04 08:51:34,943] 97 werkzeug - INFO -  * Detected change in 'd:\\project\\fake-news-detector\\venv\\Lib\\site-packages\\scipy\\linalg\\_decomp_qr.py', reloading
[2025-10-04 08:51:34,976] 97 werkzeug - INFO -  * Detected change in 'D:\\Project\\Fake-News-Detector\\venv\\Lib\\site-packages\\scipy\\linalg\\_decomp_qz.py', reloading
[2025-10-04 08:51:34,977] 97 werkzeug - INFO -  * Detected change in 'd:\\project\\fake-news-detector\\venv\\Lib\\site-packages\\scipy\\linalg\\_decomp_qz.py', reloading
[2025-10-04 08:51:35,043] 97 werkzeug - INFO -  * Detected change in 'D:\\Project\\Fake-News-Detector\\venv\\Lib\\site-packages\\scipy\\linalg\\_decomp_svd.py', reloading
[2025-10-04 08:51:35,047] 97 werkzeug - INFO -  * Detected change in 'd:\\project\\fake-news-detector\\venv\\Lib\\site-packages\\scipy\\linalg\\_decomp_svd.py', reloading
[2025-10-04 08:51:35,154] 97 werkzeug - INFO -  * Detected change in 'D:\\Project\\Fake-News-Detector\\venv\\Lib\\site-packages\\scipy\\linalg\\_decomp_schur.py', reloading
[2025-10-04 08:51:35,155] 97 werkzeug - INFO -  * Detected change in 'd:\\project\\fake-news-detector\\venv\\Lib\\site-packages\\scipy\\linalg\\_decomp_schur.py', reloading
