[2025-10-06 10:46:52,074] 97 werkzeug - WARNING -  * Debugger is active!
[2025-10-06 10:46:52,097] 97 werkzeug - INFO -  * Debugger PIN: 117-622-827
[2025-10-06 10:46:52,163] 97 werkzeug - INFO -  * Detected change in 'D:\\Project\\Fake-News-Detector\\venv\\Lib\\site-packages\\tbats\\tbats\\__init__.py', reloading
[2025-10-06 10:46:52,163] 97 werkzeug - INFO -  * Detected change in 'd:\\project\\fake-news-detector\\venv\\Lib\\site-packages\\tbats\\tbats\\__init__.py', reloading
[2025-10-06 10:46:52,179] 97 werkzeug - INFO -  * Detected change in 'd:\\project\\fake-news-detector\\venv\\Lib\\site-packages\\tbats\\tbats\\TBATS.py', reloading
[2025-10-06 10:46:52,180] 97 werkzeug - INFO -  * Detected change in 'D:\\Project\\Fake-News-Detector\\venv\\Lib\\site-packages\\tbats\\tbats\\TBATS.py', reloading
[2025-10-06 10:46:52,200] 97 werkzeug - INFO -  * Detected change in 'D:\\Project\\Fake-News-Detector\\venv\\Lib\\site-packages\\tenacity\\__init__.py', reloading
[2025-10-06 10:46:52,201] 97 werkzeug - INFO -  * Detected change in 'd:\\project\\fake-news-detector\\venv\\Lib\\site-packages\\tenacity\\__init__.py', reloading
[2025-10-06 10:46:52,236] 97 werkzeug - INFO -  * Detected change in 'd:\\project\\fake-news-detector\\venv\\Lib\\site-packages\\tenacity\\retry.py', reloading
[2025-10-06 10:46:52,236] 97 werkzeug - INFO -  * Detected change in 'D:\\Project\\Fake-News-Detector\\venv\\Lib\\site-packages\\tenacity\\retry.py', reloading
[2025-10-06 10:46:52,241] 97 werkzeug - INFO -  * Detected change in 'd:\\project\\fake-news-detector\\venv\\Lib\\site-packages\\tenacity\\nap.py', reloading
[2025-10-06 10:46:52,242] 97 werkzeug - INFO -  * Detected change in 'D:\\Project\\Fake-News-Detector\\venv\\Lib\\site-packages\\tenacity\\nap.py', reloading
[2025-10-06 10:46:52,245] 97 werkzeug - INFO -  * Detected change in 'd:\\project\\fake-news-detector\\venv\\Lib\\site-packages\\tenacity\\stop.py', reloading
[2025-10-06 10:46:52,246] 97 werkzeug - INFO -  * Detected change in 'D:\\Project\\Fake-News-Detector\\venv\\Lib\\site-packages\\tenacity\\stop.py', reloading
[2025-10-06 10:46:52,250] 97 werkzeug - INFO -  * Detected change in 'D:\\Project\\Fake-News-Detector\\venv\\Lib\\site-packages\\tenacity\\wait.py', reloading
[2025-10-06 10:46:52,250] 97 werkzeug - INFO -  * Detected change in 'd:\\project\\fake-news-detector\\venv\\Lib\\site-packages\\tenacity\\wait.py', reloading
[2025-10-06 10:46:52,255] 97 werkzeug - INFO -  * Detected change in 'D:\\Project\\Fake-News-Detector\\venv\\Lib\\site-packages\\tenacity\\before.py', reloading
[2025-10-06 10:46:52,255] 97 werkzeug - INFO -  * Detected change in 'd:\\project\\fake-news-detector\\venv\\Lib\\site-packages\\tenacity\\before.py', reloading
[2025-10-06 10:46:52,258] 97 werkzeug - INFO -  * Detected change in 'd:\\project\\fake-news-detector\\venv\\Lib\\site-packages\\tenacity\\after.py', reloading
[2025-10-06 10:46:52,258] 97 werkzeug - INFO -  * Detected change in 'D:\\Project\\Fake-News-Detector\\venv\\Lib\\site-packages\\tenacity\\after.py', reloading
[2025-10-06 10:46:52,277] 97 werkzeug - INFO -  * Detected change in 'd:\\project\\fake-news-detector\\venv\\Lib\\site-packages\\tenacity\\before_sleep.py', reloading
[2025-10-06 10:46:52,277] 97 werkzeug - INFO -  * Detected change in 'D:\\Project\\Fake-News-Detector\\venv\\Lib\\site-packages\\tenacity\\before_sleep.py', reloading
[2025-10-06 10:46:52,299] 97 werkzeug - INFO -  * Detected change in 'd:\\project\\fake-news-detector\\venv\\Lib\\site-packages\\tenacity\\asyncio\\__init__.py', reloading
[2025-10-06 10:46:52,300] 97 werkzeug - INFO -  * Detected change in 'D:\\Project\\Fake-News-Detector\\venv\\Lib\\site-packages\\tenacity\\asyncio\\__init__.py', reloading
[2025-10-06 10:46:52,323] 97 werkzeug - INFO -  * Detected change in 'D:\\Project\\Fake-News-Detector\\venv\\Lib\\site-packages\\tomli\\__init__.py', reloading
[2025-10-06 10:46:52,323] 97 werkzeug - INFO -  * Detected change in 'd:\\project\\fake-news-detector\\venv\\Lib\\site-packages\\tomli\\__init__.py', reloading
[2025-10-06 10:46:52,360] 97 werkzeug - INFO -  * Detected change in 'D:\\Project\\Fake-News-Detector\\venv\\Lib\\site-packages\\tomli\\_parser.py', reloading
[2025-10-06 10:46:52,361] 97 werkzeug - INFO -  * Detected change in 'd:\\project\\fake-news-detector\\venv\\Lib\\site-packages\\tomli\\_parser.py', reloading
[2025-10-06 10:46:52,413] 97 werkzeug - INFO -  * Detected change in 'D:\\Project\\Fake-News-Detector\\venv\\Lib\\site-packages\\tornado\\__init__.py', reloading
[2025-10-06 10:46:52,414] 97 werkzeug - INFO -  * Detected change in 'd:\\project\\fake-news-detector\\venv\\Lib\\site-packages\\tornado\\__init__.py', reloading
[2025-10-06 10:46:52,421] 97 werkzeug - INFO -  * Detected change in 'd:\\project\\fake-news-detector\\venv\\Lib\\site-packages\\traitlets\\__init__.py', reloading
[2025-10-06 10:46:52,422] 97 werkzeug - INFO -  * Detected change in 'D:\\Project\\Fake-News-Detector\\venv\\Lib\\site-packages\\traitlets\\__init__.py', reloading
[2025-10-06 10:46:52,473] 97 werkzeug - INFO -  * Detected change in 'D:\\Project\\Fake-News-Detector\\venv\\Lib\\site-packages\\traitlets\\traitlets.py', reloading
[2025-10-06 10:46:52,474] 97 werkzeug - INFO -  * Detected change in 'd:\\project\\fake-news-detector\\venv\\Lib\\site-packages\\traitlets\\traitlets.py', reloading
[2025-10-06 10:46:52,507] 97 werkzeug - INFO -  * Detected change in 'D:\\Project\\Fake-News-Detector\\venv\\Lib\\site-packages\\traitlets\\_version.py', reloading
[2025-10-06 10:46:52,507] 97 werkzeug - INFO -  * Detected change in 'd:\\project\\fake-news-detector\\venv\\Lib\\site-packages\\traitlets\\_version.py', reloading
[2025-10-06 10:46:52,511] 97 werkzeug - INFO -  * Detected change in 'd:\\project\\fake-news-detector\\venv\\Lib\\site-packages\\traitlets\\utils\\bunch.py', reloading
[2025-10-06 10:46:52,511] 97 werkzeug - INFO -  * Detected change in 'D:\\Project\\Fake-News-Detector\\venv\\Lib\\site-packages\\traitlets\\utils\\bunch.py', reloading
[2025-10-06 10:46:52,514] 97 werkzeug - INFO -  * Detected change in 'D:\\Project\\Fake-News-Detector\\venv\\Lib\\site-packages\\traitlets\\utils\\decorators.py', reloading
[2025-10-06 10:46:52,515] 97 werkzeug - INFO -  * Detected change in 'd:\\project\\fake-news-detector\\venv\\Lib\\site-packages\\traitlets\\utils\\decorators.py', reloading
[2025-10-06 10:46:52,519] 97 werkzeug - INFO -  * Detected change in 'D:\\Project\\Fake-News-Detector\\venv\\Lib\\site-packages\\traitlets\\utils\\importstring.py', reloading
[2025-10-06 10:46:52,520] 97 werkzeug - INFO -  * Detected change in 'd:\\project\\fake-news-detector\\venv\\Lib\\site-packages\\traitlets\\utils\\importstring.py', reloading
[2025-10-06 10:46:52,534] 97 werkzeug - INFO -  * Detected change in 'd:\\project\\fake-news-detector\\venv\\Lib\\site-packages\\tsdownsample\\__init__.py', reloading
[2025-10-06 10:46:52,535] 97 werkzeug - INFO -  * Detected change in 'D:\\Project\\Fake-News-Detector\\venv\\Lib\\site-packages\\tsdownsample\\__init__.py', reloading
[2025-10-06 10:46:52,540] 97 werkzeug - INFO -  * Detected change in 'd:\\project\\fake-news-detector\\venv\\Lib\\site-packages\\tsdownsample\\downsamplers.py', reloading
[2025-10-06 10:46:52,541] 97 werkzeug - INFO -  * Detected change in 'D:\\Project\\Fake-News-Detector\\venv\\Lib\\site-packages\\tsdownsample\\downsamplers.py', reloading
[2025-10-06 10:46:52,575] 97 werkzeug - INFO -  * Detected change in 'd:\\project\\fake-news-detector\\venv\\Lib\\site-packages\\urllib3\\__init__.py', reloading
[2025-10-06 10:46:52,576] 97 werkzeug - INFO -  * Detected change in 'D:\\Project\\Fake-News-Detector\\venv\\Lib\\site-packages\\urllib3\\__init__.py', reloading
[2025-10-06 10:46:52,625] 97 werkzeug - INFO -  * Detected change in 'd:\\project\\fake-news-detector\\venv\\Lib\\site-packages\\urllib3\\_collections.py', reloading
[2025-10-06 10:46:52,626] 97 werkzeug - INFO -  * Detected change in 'D:\\Project\\Fake-News-Detector\\venv\\Lib\\site-packages\\urllib3\\_collections.py', reloading
[2025-10-06 10:46:52,672] 97 werkzeug - INFO -  * Detected change in 'd:\\project\\fake-news-detector\\venv\\Lib\\site-packages\\urllib3\\connectionpool.py', reloading
[2025-10-06 10:46:52,674] 97 werkzeug - INFO -  * Detected change in 'D:\\Project\\Fake-News-Detector\\venv\\Lib\\site-packages\\urllib3\\connectionpool.py', reloading
[2025-10-06 10:46:52,689] 97 werkzeug - INFO -  * Detected change in 'd:\\project\\fake-news-detector\\venv\\Lib\\site-packages\\urllib3\\filepost.py', reloading
[2025-10-06 10:46:52,690] 97 werkzeug - INFO -  * Detected change in 'D:\\Project\\Fake-News-Detector\\venv\\Lib\\site-packages\\urllib3\\filepost.py', reloading
[2025-10-06 10:46:52,725] 97 werkzeug - INFO -  * Detected change in 'd:\\project\\fake-news-detector\\venv\\Lib\\site-packages\\urllib3\\poolmanager.py', reloading
[2025-10-06 10:46:52,726] 97 werkzeug - INFO -  * Detected change in 'D:\\Project\\Fake-News-Detector\\venv\\Lib\\site-packages\\urllib3\\poolmanager.py', reloading
[2025-10-06 10:46:52,760] 97 werkzeug - INFO -  * Detected change in 'd:\\project\\fake-news-detector\\venv\\Lib\\site-packages\\urllib3\\response.py', reloading
[2025-10-06 10:46:52,761] 97 werkzeug - INFO -  * Detected change in 'D:\\Project\\Fake-News-Detector\\venv\\Lib\\site-packages\\urllib3\\response.py', reloading
[2025-10-06 10:46:52,798] 97 werkzeug - INFO -  * Detected change in 'd:\\project\\fake-news-detector\\venv\\Lib\\site-packages\\urllib3\\util\\request.py', reloading
[2025-10-06 10:46:52,798] 97 werkzeug - INFO -  * Detected change in 'D:\\Project\\Fake-News-Detector\\venv\\Lib\\site-packages\\urllib3\\util\\request.py', reloading
[2025-10-06 10:46:52,827] 97 werkzeug - INFO -  * Detected change in 'd:\\project\\fake-news-detector\\venv\\Lib\\site-packages\\urllib3\\util\\retry.py', reloading
[2025-10-06 10:46:52,827] 97 werkzeug - INFO -  * Detected change in 'D:\\Project\\Fake-News-Detector\\venv\\Lib\\site-packages\\urllib3\\util\\retry.py', reloading
[2025-10-06 10:46:52,854] 97 werkzeug - INFO -  * Detected change in 'D:\\Project\\Fake-News-Detector\\venv\\Lib\\site-packages\\urllib3\\util\\timeout.py', reloading
[2025-10-06 10:46:52,856] 97 werkzeug - INFO -  * Detected change in 'd:\\project\\fake-news-detector\\venv\\Lib\\site-packages\\urllib3\\util\\timeout.py', reloading
[2025-10-06 10:46:52,863] 97 werkzeug - INFO -  * Detected change in 'd:\\project\\fake-news-detector\\venv\\Lib\\site-packages\\watchdog\\__init__.py', reloading
[2025-10-06 10:46:52,864] 97 werkzeug - INFO -  * Detected change in 'D:\\Project\\Fake-News-Detector\\venv\\Lib\\site-packages\\watchdog\\__init__.py', reloading
[2025-10-06 10:46:52,870] 97 werkzeug - INFO -  * Detected change in 'D:\\Project\\Fake-News-Detector\\venv\\Lib\\site-packages\\wcwidth\\__init__.py', reloading
[2025-10-06 10:46:52,871] 97 werkzeug - INFO -  * Detected change in 'd:\\project\\fake-news-detector\\venv\\Lib\\site-packages\\wcwidth\\__init__.py', reloading
[2025-10-06 10:46:52,894] 97 werkzeug - INFO -  * Detected change in 'D:\\Project\\Fake-News-Detector\\venv\\Lib\\site-packages\\wcwidth\\wcwidth.py', reloading
[2025-10-06 10:46:52,894] 97 werkzeug - INFO -  * Detected change in 'd:\\project\\fake-news-detector\\venv\\Lib\\site-packages\\wcwidth\\wcwidth.py', reloading
[2025-10-06 10:46:52,900] 97 werkzeug - INFO -  * Detected change in 'd:\\project\\fake-news-detector\\venv\\Lib\\site-packages\\wcwidth\\unicode_versions.py', reloading
[2025-10-06 10:46:52,900] 97 werkzeug - INFO -  * Detected change in 'D:\\Project\\Fake-News-Detector\\venv\\Lib\\site-packages\\wcwidth\\unicode_versions.py', reloading
[2025-10-06 10:46:52,902] 97 werkzeug - INFO -  * Detected change in 'd:\\project\\fake-news-detector\\venv\\Lib\\site-packages\\werkzeug\\__init__.py', reloading
[2025-10-06 10:46:52,904] 97 werkzeug - INFO -  * Detected change in 'D:\\Project\\Fake-News-Detector\\venv\\Lib\\site-packages\\werkzeug\\__init__.py', reloading
[2025-10-06 10:46:52,925] 97 werkzeug - INFO -  * Detected change in 'd:\\project\\fake-news-detector\\venv\\Lib\\site-packages\\werkzeug\\serving.py', reloading
[2025-10-06 10:46:52,926] 97 werkzeug - INFO -  * Detected change in 'D:\\Project\\Fake-News-Detector\\venv\\Lib\\site-packages\\werkzeug\\serving.py', reloading
[2025-10-06 10:46:52,961] 97 werkzeug - INFO -  * Detected change in 'd:\\project\\fake-news-detector\\venv\\Lib\\site-packages\\werkzeug\\test.py', reloading
[2025-10-06 10:46:52,962] 97 werkzeug - INFO -  * Detected change in 'D:\\Project\\Fake-News-Detector\\venv\\Lib\\site-packages\\werkzeug\\test.py', reloading
[2025-10-06 10:46:52,975] 97 werkzeug - INFO -  * Detected change in 'd:\\project\\fake-news-detector\\venv\\Lib\\site-packages\\werkzeug\\wrappers\\__init__.py', reloading
[2025-10-06 10:46:52,976] 97 werkzeug - INFO -  * Detected change in 'D:\\Project\\Fake-News-Detector\\venv\\Lib\\site-packages\\werkzeug\\wrappers\\__init__.py', reloading
[2025-10-06 10:46:53,015] 97 werkzeug - INFO -  * Detected change in 'd:\\project\\fake-news-detector\\venv\\Lib\\site-packages\\werkzeug\\wrappers\\request.py', reloading
[2025-10-06 10:46:53,016] 97 werkzeug - INFO -  * Detected change in 'D:\\Project\\Fake-News-Detector\\venv\\Lib\\site-packages\\werkzeug\\wrappers\\request.py', reloading
[2025-10-06 10:46:53,042] 97 werkzeug - INFO -  * Detected change in 'd:\\project\\fake-news-detector\\venv\\Lib\\site-packages\\werkzeug\\wrappers\\response.py', reloading
[2025-10-06 10:46:53,043] 97 werkzeug - INFO -  * Detected change in 'D:\\Project\\Fake-News-Detector\\venv\\Lib\\site-packages\\werkzeug\\wrappers\\response.py', reloading
[2025-10-06 10:46:53,050] 97 werkzeug - INFO -  * Detected change in 'd:\\project\\fake-news-detector\\venv\\Lib\\site-packages\\wheel\\__init__.py', reloading
[2025-10-06 10:46:53,051] 97 werkzeug - INFO -  * Detected change in 'D:\\Project\\Fake-News-Detector\\venv\\Lib\\site-packages\\wheel\\__init__.py', reloading
[2025-10-06 10:46:53,053] 97 werkzeug - INFO -  * Detected change in 'd:\\project\\fake-news-detector\\venv\\Lib\\site-packages\\widgetsnbextension\\__init__.py', reloading
[2025-10-06 10:46:53,053] 97 werkzeug - INFO -  * Detected change in 'D:\\Project\\Fake-News-Detector\\venv\\Lib\\site-packages\\widgetsnbextension\\__init__.py', reloading
[2025-10-06 10:46:53,072] 97 werkzeug - INFO -  * Detected change in 'd:\\project\\fake-news-detector\\venv\\Lib\\site-packages\\wordcloud\\__init__.py', reloading
[2025-10-06 10:46:53,073] 97 werkzeug - INFO -  * Detected change in 'D:\\Project\\Fake-News-Detector\\venv\\Lib\\site-packages\\wordcloud\\__init__.py', reloading
[2025-10-06 10:46:53,108] 97 werkzeug - INFO -  * Detected change in 'd:\\project\\fake-news-detector\\venv\\Lib\\site-packages\\wordcloud\\wordcloud.py', reloading
[2025-10-06 10:46:53,109] 97 werkzeug - INFO -  * Detected change in 'D:\\Project\\Fake-News-Detector\\venv\\Lib\\site-packages\\wordcloud\\wordcloud.py', reloading
[2025-10-06 10:46:53,131] 97 werkzeug - INFO -  * Detected change in 'D:\\Project\\Fake-News-Detector\\venv\\Lib\\site-packages\\wordcloud\\color_from_image.py', reloading
[2025-10-06 10:46:53,132] 97 werkzeug - INFO -  * Detected change in 'd:\\project\\fake-news-detector\\venv\\Lib\\site-packages\\wordcloud\\color_from_image.py', reloading
[2025-10-06 10:46:53,137] 97 werkzeug - INFO -  * Detected change in 'd:\\project\\fake-news-detector\\venv\\Lib\\site-packages\\wordcloud\\_version.py', reloading
[2025-10-06 10:46:53,138] 97 werkzeug - INFO -  * Detected change in 'D:\\Project\\Fake-News-Detector\\venv\\Lib\\site-packages\\wordcloud\\_version.py', reloading
[2025-10-06 10:46:53,144] 97 werkzeug - INFO -  * Detected change in 'd:\\project\\fake-news-detector\\venv\\Lib\\site-packages\\xgboost\\__init__.py', reloading
[2025-10-06 10:46:53,145] 97 werkzeug - INFO -  * Detected change in 'D:\\Project\\Fake-News-Detector\\venv\\Lib\\site-packages\\xgboost\\__init__.py', reloading
