[2025-10-06 10:46:47,086] 97 werkzeug - WARNING -  * Debugger is active!
[2025-10-06 10:46:47,103] 97 werkzeug - INFO -  * Debugger PIN: 117-622-827
[2025-10-06 10:46:47,169] 97 werkzeug - INFO -  * Detected change in 'd:\\project\\fake-news-detector\\venv\\Lib\\site-packages\\_pytest\\python.py', reloading
[2025-10-06 10:46:47,169] 97 werkzeug - INFO -  * Detected change in 'D:\\Project\\Fake-News-Detector\\venv\\Lib\\site-packages\\_pytest\\python.py', reloading
[2025-10-06 10:46:47,212] 97 werkzeug - INFO -  * Detected change in 'D:\\Project\\Fake-News-Detector\\venv\\Lib\\site-packages\\_pytest\\python_api.py', reloading
[2025-10-06 10:46:47,213] 97 werkzeug - INFO -  * Detected change in 'd:\\project\\fake-news-detector\\venv\\Lib\\site-packages\\_pytest\\python_api.py', reloading
[2025-10-06 10:46:47,251] 97 werkzeug - INFO -  * Detected change in 'd:\\project\\fake-news-detector\\venv\\Lib\\site-packages\\_pytest\\raises.py', reloading
[2025-10-06 10:46:47,252] 97 werkzeug - INFO -  * Detected change in 'D:\\Project\\Fake-News-Detector\\venv\\Lib\\site-packages\\_pytest\\raises.py', reloading
[2025-10-06 10:46:47,301] 97 werkzeug - INFO -  * Detected change in 'd:\\project\\fake-news-detector\\venv\\Lib\\site-packages\\_pytest\\recwarn.py', reloading
[2025-10-06 10:46:47,302] 97 werkzeug - INFO -  * Detected change in 'D:\\Project\\Fake-News-Detector\\venv\\Lib\\site-packages\\_pytest\\recwarn.py', reloading
[2025-10-06 10:46:47,333] 97 werkzeug - INFO -  * Detected change in 'd:\\project\\fake-news-detector\\venv\\Lib\\site-packages\\_pytest\\reports.py', reloading
[2025-10-06 10:46:47,334] 97 werkzeug - INFO -  * Detected change in 'D:\\Project\\Fake-News-Detector\\venv\\Lib\\site-packages\\_pytest\\reports.py', reloading
[2025-10-06 10:46:47,368] 97 werkzeug - INFO -  * Detected change in 'd:\\project\\fake-news-detector\\venv\\Lib\\site-packages\\_pytest\\runner.py', reloading
[2025-10-06 10:46:47,369] 97 werkzeug - INFO -  * Detected change in 'D:\\Project\\Fake-News-Detector\\venv\\Lib\\site-packages\\_pytest\\runner.py', reloading
[2025-10-06 10:46:47,403] 97 werkzeug - INFO -  * Detected change in 'D:\\Project\\Fake-News-Detector\\venv\\Lib\\site-packages\\_pytest\\stash.py', reloading
[2025-10-06 10:46:47,404] 97 werkzeug - INFO -  * Detected change in 'd:\\project\\fake-news-detector\\venv\\Lib\\site-packages\\_pytest\\stash.py', reloading
[2025-10-06 10:46:47,436] 97 werkzeug - INFO -  * Detected change in 'd:\\project\\fake-news-detector\\venv\\Lib\\site-packages\\_pytest\\terminal.py', reloading
[2025-10-06 10:46:47,437] 97 werkzeug - INFO -  * Detected change in 'D:\\Project\\Fake-News-Detector\\venv\\Lib\\site-packages\\_pytest\\terminal.py', reloading
[2025-10-06 10:46:47,485] 97 werkzeug - INFO -  * Detected change in 'd:\\project\\fake-news-detector\\venv\\Lib\\site-packages\\_pytest\\tmpdir.py', reloading
[2025-10-06 10:46:47,486] 97 werkzeug - INFO -  * Detected change in 'D:\\Project\\Fake-News-Detector\\venv\\Lib\\site-packages\\_pytest\\tmpdir.py', reloading
[2025-10-06 10:46:47,511] 97 werkzeug - INFO -  * Detected change in 'd:\\project\\fake-news-detector\\venv\\Lib\\site-packages\\_pytest\\warning_types.py', reloading
[2025-10-06 10:46:47,511] 97 werkzeug - INFO -  * Detected change in 'D:\\Project\\Fake-News-Detector\\venv\\Lib\\site-packages\\_pytest\\warning_types.py', reloading
[2025-10-06 10:46:47,516] 97 werkzeug - INFO -  * Detected change in 'd:\\project\\fake-news-detector\\venv\\Lib\\site-packages\\pyximport\\__init__.py', reloading
[2025-10-06 10:46:47,516] 97 werkzeug - INFO -  * Detected change in 'D:\\Project\\Fake-News-Detector\\venv\\Lib\\site-packages\\pyximport\\__init__.py', reloading
[2025-10-06 10:46:47,529] 97 werkzeug - INFO -  * Detected change in 'd:\\project\\fake-news-detector\\venv\\Lib\\site-packages\\referencing\\__init__.py', reloading
[2025-10-06 10:46:47,529] 97 werkzeug - INFO -  * Detected change in 'D:\\Project\\Fake-News-Detector\\venv\\Lib\\site-packages\\referencing\\__init__.py', reloading
[2025-10-06 10:46:47,554] 97 werkzeug - INFO -  * Detected change in 'd:\\project\\fake-news-detector\\venv\\Lib\\site-packages\\referencing\\_core.py', reloading
[2025-10-06 10:46:47,555] 97 werkzeug - INFO -  * Detected change in 'D:\\Project\\Fake-News-Detector\\venv\\Lib\\site-packages\\referencing\\_core.py', reloading
[2025-10-06 10:46:47,585] 97 werkzeug - INFO -  * Detected change in 'D:\\Project\\Fake-News-Detector\\venv\\Lib\\site-packages\\schemdraw\\__init__.py', reloading
[2025-10-06 10:46:47,586] 97 werkzeug - INFO -  * Detected change in 'd:\\project\\fake-news-detector\\venv\\Lib\\site-packages\\schemdraw\\__init__.py', reloading
[2025-10-06 10:46:47,610] 97 werkzeug - INFO -  * Detected change in 'd:\\project\\fake-news-detector\\venv\\Lib\\site-packages\\schemdraw\\schemdraw.py', reloading
[2025-10-06 10:46:47,610] 97 werkzeug - INFO -  * Detected change in 'D:\\Project\\Fake-News-Detector\\venv\\Lib\\site-packages\\schemdraw\\schemdraw.py', reloading
[2025-10-06 10:46:47,641] 97 werkzeug - INFO -  * Detected change in 'd:\\project\\fake-news-detector\\venv\\Lib\\site-packages\\schemdraw\\segments.py', reloading
[2025-10-06 10:46:47,642] 97 werkzeug - INFO -  * Detected change in 'D:\\Project\\Fake-News-Detector\\venv\\Lib\\site-packages\\schemdraw\\segments.py', reloading
[2025-10-06 10:46:47,672] 97 werkzeug - INFO -  * Detected change in 'd:\\project\\fake-news-detector\\venv\\Lib\\site-packages\\schemdraw\\transform.py', reloading
[2025-10-06 10:46:47,672] 97 werkzeug - INFO -  * Detected change in 'D:\\Project\\Fake-News-Detector\\venv\\Lib\\site-packages\\schemdraw\\transform.py', reloading
[2025-10-06 10:46:47,692] 97 werkzeug - INFO -  * Detected change in 'd:\\project\\fake-news-detector\\venv\\Lib\\site-packages\\schemdraw\\types.py', reloading
[2025-10-06 10:46:47,692] 97 werkzeug - INFO -  * Detected change in 'D:\\Project\\Fake-News-Detector\\venv\\Lib\\site-packages\\schemdraw\\types.py', reloading
[2025-10-06 10:46:47,711] 97 werkzeug - INFO -  * Detected change in 'd:\\project\\fake-news-detector\\venv\\Lib\\site-packages\\schemdraw\\backends\\svg.py', reloading
[2025-10-06 10:46:47,712] 97 werkzeug - INFO -  * Detected change in 'D:\\Project\\Fake-News-Detector\\venv\\Lib\\site-packages\\schemdraw\\backends\\svg.py', reloading
[2025-10-06 10:46:47,734] 97 werkzeug - INFO -  * Detected change in 'd:\\project\\fake-news-detector\\venv\\Lib\\site-packages\\scikitplot\\__init__.py', reloading
[2025-10-06 10:46:47,735] 97 werkzeug - INFO -  * Detected change in 'D:\\Project\\Fake-News-Detector\\venv\\Lib\\site-packages\\scikitplot\\__init__.py', reloading
[2025-10-06 10:46:47,749] 97 werkzeug - INFO -  * Detected change in 'd:\\project\\fake-news-detector\\venv\\Lib\\site-packages\\scipy\\cluster\\__init__.py', reloading
[2025-10-06 10:46:47,749] 97 werkzeug - INFO -  * Detected change in 'D:\\Project\\Fake-News-Detector\\venv\\Lib\\site-packages\\scipy\\cluster\\__init__.py', reloading
[2025-10-06 10:46:47,755] 97 werkzeug - INFO -  * Detected change in 'd:\\project\\fake-news-detector\\venv\\Lib\\site-packages\\scipy\\conftest.py', reloading
[2025-10-06 10:46:47,756] 97 werkzeug - INFO -  * Detected change in 'D:\\Project\\Fake-News-Detector\\venv\\Lib\\site-packages\\scipy\\conftest.py', reloading
[2025-10-06 10:46:47,779] 97 werkzeug - INFO -  * Detected change in 'd:\\project\\fake-news-detector\\venv\\Lib\\site-packages\\scipy\\constants\\__init__.py', reloading
[2025-10-06 10:46:47,780] 97 werkzeug - INFO -  * Detected change in 'D:\\Project\\Fake-News-Detector\\venv\\Lib\\site-packages\\scipy\\constants\\__init__.py', reloading
[2025-10-06 10:46:47,817] 97 werkzeug - INFO -  * Detected change in 'd:\\project\\fake-news-detector\\venv\\Lib\\site-packages\\scipy\\constants\\_codata.py', reloading
[2025-10-06 10:46:47,818] 97 werkzeug - INFO -  * Detected change in 'D:\\Project\\Fake-News-Detector\\venv\\Lib\\site-packages\\scipy\\constants\\_codata.py', reloading
[2025-10-06 10:46:47,906] 97 werkzeug - INFO -  * Detected change in 'd:\\project\\fake-news-detector\\venv\\Lib\\site-packages\\scipy\\constants\\_constants.py', reloading
[2025-10-06 10:46:47,906] 97 werkzeug - INFO -  * Detected change in 'D:\\Project\\Fake-News-Detector\\venv\\Lib\\site-packages\\scipy\\constants\\_constants.py', reloading
[2025-10-06 10:46:47,917] 97 werkzeug - INFO -  * Detected change in 'D:\\Project\\Fake-News-Detector\\venv\\Lib\\site-packages\\scipy\\datasets\\__init__.py', reloading
[2025-10-06 10:46:47,917] 97 werkzeug - INFO -  * Detected change in 'd:\\project\\fake-news-detector\\venv\\Lib\\site-packages\\scipy\\datasets\\__init__.py', reloading
[2025-10-06 10:46:47,923] 97 werkzeug - INFO -  * Detected change in 'D:\\Project\\Fake-News-Detector\\venv\\Lib\\site-packages\\scipy\\datasets\\_fetchers.py', reloading
[2025-10-06 10:46:47,924] 97 werkzeug - INFO -  * Detected change in 'd:\\project\\fake-news-detector\\venv\\Lib\\site-packages\\scipy\\datasets\\_fetchers.py', reloading
[2025-10-06 10:46:47,930] 97 werkzeug - INFO -  * Detected change in 'd:\\project\\fake-news-detector\\venv\\Lib\\site-packages\\scipy\\datasets\\_download_all.py', reloading
[2025-10-06 10:46:47,930] 97 werkzeug - INFO -  * Detected change in 'D:\\Project\\Fake-News-Detector\\venv\\Lib\\site-packages\\scipy\\datasets\\_download_all.py', reloading
[2025-10-06 10:46:47,946] 97 werkzeug - INFO -  * Detected change in 'd:\\project\\fake-news-detector\\venv\\Lib\\site-packages\\scipy\\datasets\\_utils.py', reloading
[2025-10-06 10:46:47,947] 97 werkzeug - INFO -  * Detected change in 'D:\\Project\\Fake-News-Detector\\venv\\Lib\\site-packages\\scipy\\datasets\\_utils.py', reloading
[2025-10-06 10:46:47,976] 97 werkzeug - INFO -  * Detected change in 'D:\\Project\\Fake-News-Detector\\venv\\Lib\\site-packages\\scipy\\fft\\__init__.py', reloading
[2025-10-06 10:46:47,977] 97 werkzeug - INFO -  * Detected change in 'd:\\project\\fake-news-detector\\venv\\Lib\\site-packages\\scipy\\fft\\__init__.py', reloading
[2025-10-06 10:46:48,024] 97 werkzeug - INFO -  * Detected change in 'D:\\Project\\Fake-News-Detector\\venv\\Lib\\site-packages\\scipy\\fft\\_basic.py', reloading
[2025-10-06 10:46:48,025] 97 werkzeug - INFO -  * Detected change in 'd:\\project\\fake-news-detector\\venv\\Lib\\site-packages\\scipy\\fft\\_basic.py', reloading
[2025-10-06 10:46:48,081] 97 werkzeug - INFO -  * Detected change in 'd:\\project\\fake-news-detector\\venv\\Lib\\site-packages\\scipy\\fft\\_realtransforms.py', reloading
[2025-10-06 10:46:48,081] 97 werkzeug - INFO -  * Detected change in 'D:\\Project\\Fake-News-Detector\\venv\\Lib\\site-packages\\scipy\\fft\\_realtransforms.py', reloading
[2025-10-06 10:46:48,122] 97 werkzeug - INFO -  * Detected change in 'd:\\project\\fake-news-detector\\venv\\Lib\\site-packages\\scipy\\fft\\_fftlog.py', reloading
[2025-10-06 10:46:48,123] 97 werkzeug - INFO -  * Detected change in 'D:\\Project\\Fake-News-Detector\\venv\\Lib\\site-packages\\scipy\\fft\\_fftlog.py', reloading
[2025-10-06 10:46:48,163] 97 werkzeug - INFO -  * Detected change in 'd:\\project\\fake-news-detector\\venv\\Lib\\site-packages\\scipy\\fft\\_fftlog_multimethods.py', reloading
[2025-10-06 10:46:48,163] 97 werkzeug - INFO -  * Detected change in 'D:\\Project\\Fake-News-Detector\\venv\\Lib\\site-packages\\scipy\\fft\\_fftlog_multimethods.py', reloading
