[2025-10-04 08:51:24,379] 97 werkzeug - WARNING -  * Debugger is active!
[2025-10-04 08:51:24,409] 97 werkzeug - INFO -  * Debugger PIN: 117-622-827
[2025-10-04 08:51:24,522] 97 werkzeug - INFO -  * Detected change in 'D:\\Project\\Fake-News-Detector\\venv\\Lib\\site-packages\\flask\\app.py', reloading
[2025-10-04 08:51:24,524] 97 werkzeug - INFO -  * Detected change in 'd:\\project\\fake-news-detector\\venv\\Lib\\site-packages\\flask\\app.py', reloading
[2025-10-04 08:51:24,545] 97 werkzeug - INFO -  * Detected change in 'D:\\Project\\Fake-News-Detector\\venv\\Lib\\site-packages\\flask\\__init__.py', reloading
[2025-10-04 08:51:24,546] 97 werkzeug - INFO -  * Detected change in 'd:\\project\\fake-news-detector\\venv\\Lib\\site-packages\\flask\\__init__.py', reloading
[2025-10-04 08:51:24,581] 97 werkzeug - INFO -  * Detected change in 'D:\\Project\\Fake-News-Detector\\venv\\Lib\\site-packages\\flask\\blueprints.py', reloading
[2025-10-04 08:51:24,582] 97 werkzeug - INFO -  * Detected change in 'd:\\project\\fake-news-detector\\venv\\Lib\\site-packages\\flask\\blueprints.py', reloading
[2025-10-04 08:51:24,618] 97 werkzeug - INFO -  * Detected change in 'D:\\Project\\Fake-News-Detector\\venv\\Lib\\site-packages\\flask\\sansio\\blueprints.py', reloading
[2025-10-04 08:51:24,619] 97 werkzeug - INFO -  * Detected change in 'd:\\project\\fake-news-detector\\venv\\Lib\\site-packages\\flask\\sansio\\blueprints.py', reloading
[2025-10-04 08:51:24,667] 97 werkzeug - INFO -  * Detected change in 'D:\\Project\\Fake-News-Detector\\venv\\Lib\\site-packages\\flask\\cli.py', reloading
[2025-10-04 08:51:24,669] 97 werkzeug - INFO -  * Detected change in 'd:\\project\\fake-news-detector\\venv\\Lib\\site-packages\\flask\\cli.py', reloading
[2025-10-04 08:51:24,726] 97 werkzeug - INFO -  * Detected change in 'D:\\Project\\Fake-News-Detector\\venv\\Lib\\site-packages\\flask\\config.py', reloading
[2025-10-04 08:51:24,727] 97 werkzeug - INFO -  * Detected change in 'd:\\project\\fake-news-detector\\venv\\Lib\\site-packages\\flask\\config.py', reloading
[2025-10-04 08:51:24,769] 97 werkzeug - INFO -  * Detected change in 'D:\\Project\\Fake-News-Detector\\venv\\Lib\\site-packages\\flask\\ctx.py', reloading
[2025-10-04 08:51:24,770] 97 werkzeug - INFO -  * Detected change in 'd:\\project\\fake-news-detector\\venv\\Lib\\site-packages\\flask\\ctx.py', reloading
[2025-10-04 08:51:24,810] 97 werkzeug - INFO -  * Detected change in 'D:\\Project\\Fake-News-Detector\\venv\\Lib\\site-packages\\flask\\debughelpers.py', reloading
[2025-10-04 08:51:24,812] 97 werkzeug - INFO -  * Detected change in 'd:\\project\\fake-news-detector\\venv\\Lib\\site-packages\\flask\\debughelpers.py', reloading
[2025-10-04 08:51:24,824] 97 werkzeug - INFO -  * Detected change in 'D:\\Project\\Fake-News-Detector\\venv\\Lib\\site-packages\\flask\\globals.py', reloading
[2025-10-04 08:51:24,826] 97 werkzeug - INFO -  * Detected change in 'd:\\project\\fake-news-detector\\venv\\Lib\\site-packages\\flask\\globals.py', reloading
[2025-10-04 08:51:24,872] 97 werkzeug - INFO -  * Detected change in 'D:\\Project\\Fake-News-Detector\\venv\\Lib\\site-packages\\flask\\helpers.py', reloading
[2025-10-04 08:51:24,873] 97 werkzeug - INFO -  * Detected change in 'd:\\project\\fake-news-detector\\venv\\Lib\\site-packages\\flask\\helpers.py', reloading
[2025-10-04 08:51:24,916] 97 werkzeug - INFO -  * Detected change in 'd:\\project\\fake-news-detector\\venv\\Lib\\site-packages\\flask\\json\\__init__.py', reloading
[2025-10-04 08:51:24,917] 97 werkzeug - INFO -  * Detected change in 'D:\\Project\\Fake-News-Detector\\venv\\Lib\\site-packages\\flask\\json\\__init__.py', reloading
[2025-10-04 08:51:24,949] 97 werkzeug - INFO -  * Detected change in 'D:\\Project\\Fake-News-Detector\\venv\\Lib\\site-packages\\flask\\logging.py', reloading
[2025-10-04 08:51:24,951] 97 werkzeug - INFO -  * Detected change in 'd:\\project\\fake-news-detector\\venv\\Lib\\site-packages\\flask\\logging.py', reloading
[2025-10-04 08:51:24,993] 97 werkzeug - INFO -  * Detected change in 'D:\\Project\\Fake-News-Detector\\venv\\Lib\\site-packages\\flask\\sessions.py', reloading
[2025-10-04 08:51:24,996] 97 werkzeug - INFO -  * Detected change in 'd:\\project\\fake-news-detector\\venv\\Lib\\site-packages\\flask\\sessions.py', reloading
[2025-10-04 08:51:25,037] 97 werkzeug - INFO -  * Detected change in 'd:\\project\\fake-news-detector\\venv\\Lib\\site-packages\\flask\\signals.py', reloading
[2025-10-04 08:51:25,038] 97 werkzeug - INFO -  * Detected change in 'D:\\Project\\Fake-News-Detector\\venv\\Lib\\site-packages\\flask\\signals.py', reloading
[2025-10-04 08:51:25,076] 97 werkzeug - INFO -  * Detected change in 'D:\\Project\\Fake-News-Detector\\venv\\Lib\\site-packages\\flask\\templating.py', reloading
[2025-10-04 08:51:25,077] 97 werkzeug - INFO -  * Detected change in 'd:\\project\\fake-news-detector\\venv\\Lib\\site-packages\\flask\\templating.py', reloading
[2025-10-04 08:51:25,129] 97 werkzeug - INFO -  * Detected change in 'D:\\Project\\Fake-News-Detector\\venv\\Lib\\site-packages\\flask\\testing.py', reloading
[2025-10-04 08:51:25,130] 97 werkzeug - INFO -  * Detected change in 'd:\\project\\fake-news-detector\\venv\\Lib\\site-packages\\flask\\testing.py', reloading
[2025-10-04 08:51:25,140] 97 werkzeug - INFO -  * Detected change in 'd:\\project\\fake-news-detector\\venv\\Lib\\site-packages\\flask\\typing.py', reloading
[2025-10-04 08:51:25,141] 97 werkzeug - INFO -  * Detected change in 'D:\\Project\\Fake-News-Detector\\venv\\Lib\\site-packages\\flask\\typing.py', reloading
[2025-10-04 08:51:25,182] 97 werkzeug - INFO -  * Detected change in 'd:\\project\\fake-news-detector\\venv\\Lib\\site-packages\\flask\\views.py', reloading
[2025-10-04 08:51:25,183] 97 werkzeug - INFO -  * Detected change in 'D:\\Project\\Fake-News-Detector\\venv\\Lib\\site-packages\\flask\\views.py', reloading
[2025-10-04 08:51:25,209] 97 werkzeug - INFO -  * Detected change in 'D:\\Project\\Fake-News-Detector\\venv\\Lib\\site-packages\\flask\\wrappers.py', reloading
[2025-10-04 08:51:25,209] 97 werkzeug - INFO -  * Detected change in 'd:\\project\\fake-news-detector\\venv\\Lib\\site-packages\\flask\\wrappers.py', reloading
[2025-10-04 08:51:25,229] 97 werkzeug - INFO -  * Detected change in 'D:\\Project\\Fake-News-Detector\\venv\\Lib\\site-packages\\flask\\__main__.py', reloading
[2025-10-04 08:51:25,230] 97 werkzeug - INFO -  * Detected change in 'd:\\project\\fake-news-detector\\venv\\Lib\\site-packages\\flask\\__main__.py', reloading
[2025-10-04 08:51:25,252] 97 werkzeug - INFO -  * Detected change in 'D:\\Project\\Fake-News-Detector\\venv\\Lib\\site-packages\\fontTools\\__init__.py', reloading
[2025-10-04 08:51:25,253] 97 werkzeug - INFO -  * Detected change in 'd:\\project\\fake-news-detector\\venv\\Lib\\site-packages\\fontTools\\__init__.py', reloading
[2025-10-04 08:51:25,287] 97 werkzeug - INFO -  * Detected change in 'D:\\Project\\Fake-News-Detector\\venv\\Lib\\site-packages\\fontTools\\misc\\loggingTools.py', reloading
[2025-10-04 08:51:25,288] 97 werkzeug - INFO -  * Detected change in 'd:\\project\\fake-news-detector\\venv\\Lib\\site-packages\\fontTools\\misc\\loggingTools.py', reloading
[2025-10-04 08:51:25,322] 97 werkzeug - INFO -  * Detected change in 'd:\\project\\fake-news-detector\\venv\\Lib\\site-packages\\git\\__init__.py', reloading
[2025-10-04 08:51:25,323] 97 werkzeug - INFO -  * Detected change in 'D:\\Project\\Fake-News-Detector\\venv\\Lib\\site-packages\\git\\__init__.py', reloading
[2025-10-04 08:51:25,379] 97 werkzeug - INFO -  * Detected change in 'D:\\Project\\Fake-News-Detector\\venv\\Lib\\site-packages\\gitdb\\util.py', reloading
[2025-10-04 08:51:25,381] 97 werkzeug - INFO -  * Detected change in 'd:\\project\\fake-news-detector\\venv\\Lib\\site-packages\\gitdb\\util.py', reloading
[2025-10-04 08:51:25,418] 97 werkzeug - INFO -  * Detected change in 'D:\\Project\\Fake-News-Detector\\venv\\Lib\\site-packages\\git\\exc.py', reloading
[2025-10-04 08:51:25,419] 97 werkzeug - INFO -  * Detected change in 'd:\\project\\fake-news-detector\\venv\\Lib\\site-packages\\git\\exc.py', reloading
[2025-10-04 08:51:25,451] 97 werkzeug - INFO -  * Detected change in 'D:\\Project\\Fake-News-Detector\\venv\\Lib\\site-packages\\gitdb\\exc.py', reloading
[2025-10-04 08:51:25,452] 97 werkzeug - INFO -  * Detected change in 'd:\\project\\fake-news-detector\\venv\\Lib\\site-packages\\gitdb\\exc.py', reloading
[2025-10-04 08:51:25,501] 97 werkzeug - INFO -  * Detected change in 'd:\\project\\fake-news-detector\\venv\\Lib\\site-packages\\git\\types.py', reloading
[2025-10-04 08:51:25,502] 97 werkzeug - INFO -  * Detected change in 'D:\\Project\\Fake-News-Detector\\venv\\Lib\\site-packages\\git\\types.py', reloading
