[2025-10-06 19:57:56,074] 164 numexpr.utils - INFO - NumExpr defaulting to 8 threads.
[2025-10-06 19:58:00,362] 28 root - INFO - Data Ingestion method starts
[2025-10-06 19:58:14,002] 42 root - INFO - Train Test split initiated
[2025-10-06 19:58:20,205] 49 root - INFO - Data Ingestion completed
[2025-10-06 19:58:23,662] 83 root - INFO - Read train and test data completed
[2025-10-06 19:58:23,662] 88 root - INFO - Split input and target feature
[2025-10-06 19:58:23,912] 101 root - INFO - Apply preprocessing object on training and testing data
[2025-10-06 19:58:23,912] 31 root - INFO - Starting text preprocessing
[2025-10-06 19:58:35,945] 54 root - INFO - Text preprocessing completed
[2025-10-06 19:58:35,946] 31 root - INFO - Starting text preprocessing
[2025-10-06 19:58:39,267] 54 root - INFO - Text preprocessing completed
[2025-10-06 19:58:39,267] 108 root - INFO - Tfidf vectorization
[2025-10-06 19:59:57,488] 124 root - INFO - Saved preprocessing object
[2025-10-06 19:59:57,489] 14 root - INFO - Save the trained model, vectorizer, and results
[2025-10-06 19:59:57,490] 26 root - INFO - Model, vectorizer, and results saved successfully!
[2025-10-06 19:59:57,490] 14 root - INFO - Save the trained model, vectorizer, and results
[2025-10-06 19:59:57,527] 26 root - INFO - Model, vectorizer, and results saved successfully!
[2025-10-06 19:59:57,527] 136 root - INFO - Preprocessor pickle file saved
[2025-10-06 19:59:58,001] 33 root - INFO - Model Trainer initiated
[2025-10-06 19:59:58,002] 66 root - INFO - Model are initialized
[2025-10-06 19:59:58,002] 67 root - INFO - Evaluting Models
[2025-10-06 21:22:30,591] 86 root - INFO - Best model found: SVM with score 0.9945701357466064
[2025-10-06 21:22:30,606] 14 root - INFO - Save the trained model, vectorizer, and results
[2025-10-06 21:22:31,187] 26 root - INFO - Model, vectorizer, and results saved successfully!
