[2025-09-20 14:14:25,612] 97 werkzeug - WARNING -  * Debugger is active!
[2025-09-20 14:14:25,637] 97 werkzeug - INFO -  * Debugger PIN: 117-622-827
[2025-09-20 14:14:26,028] 31 root - INFO - Starting text preprocessing
[2025-09-20 14:14:26,040] 54 root - INFO - Text preprocessing completed
[2025-09-20 14:14:26,100] 97 werkzeug - INFO - 127.0.0.1 - - [20/Sep/2025 14:14:26] "POST /predict HTTP/1.1" 200 -
[2025-09-20 14:14:50,098] 31 root - INFO - Starting text preprocessing
[2025-09-20 14:14:50,112] 54 root - INFO - Text preprocessing completed
[2025-09-20 14:14:50,124] 97 werkzeug - INFO - 127.0.0.1 - - [20/Sep/2025 14:14:50] "POST /predict HTTP/1.1" 200 -
[2025-09-20 14:15:32,792] 31 root - INFO - Starting text preprocessing
[2025-09-20 14:15:32,805] 54 root - INFO - Text preprocessing completed
[2025-09-20 14:15:32,805] 38 root - INFO - Original content was filtered out, using fallback
[2025-09-20 14:15:32,816] 97 werkzeug - INFO - 127.0.0.1 - - [20/Sep/2025 14:15:32] "POST /predict HTTP/1.1" 200 -
[2025-09-20 14:15:55,206] 31 root - INFO - Starting text preprocessing
[2025-09-20 14:15:55,218] 54 root - INFO - Text preprocessing completed
[2025-09-20 14:15:55,228] 97 werkzeug - INFO - 127.0.0.1 - - [20/Sep/2025 14:15:55] "POST /predict HTTP/1.1" 200 -
[2025-09-20 14:16:23,499] 97 werkzeug - INFO -  * Detected change in 'D:\\Project\\Fake-News-Detector\\app.py', reloading
[2025-09-20 14:16:23,500] 97 werkzeug - INFO -  * Detected change in 'd:\\project\\fake-news-detector\\app.py', reloading
[2025-09-20 14:16:23,501] 97 werkzeug - INFO -  * Detected change in 'D:\\Project\\Fake-News-Detector\\app.py', reloading
[2025-09-20 14:16:23,502] 97 werkzeug - INFO -  * Detected change in 'd:\\project\\fake-news-detector\\app.py', reloading
[2025-09-20 14:16:23,503] 97 werkzeug - INFO -  * Detected change in 'D:\\Project\\Fake-News-Detector\\app.py', reloading
[2025-09-20 14:16:23,503] 97 werkzeug - INFO -  * Detected change in 'd:\\project\\fake-news-detector\\app.py', reloading
